<?xml version="1.0" encoding="UTF-8"?>
<testng-results skipped="0" failed="1" total="1" passed="0">
  <reporter-output>
  </reporter-output>
  <suite name="Default suite" duration-ms="11002" started-at="2019-07-22T18:58:21Z" finished-at="2019-07-22T18:58:32Z">
    <groups>
    </groups>
    <test name="Default test" duration-ms="11002" started-at="2019-07-22T18:58:21Z" finished-at="2019-07-22T18:58:32Z">
      <class name="selenium.headlessBrowser">
        <test-method status="FAIL" signature="f()[pri:0, instance:selenium.headlessBrowser@bfbc86]" name="f" duration-ms="10934" started-at="2019-07-23T00:28:21Z" finished-at="2019-07-23T00:28:32Z">
          <exception class="java.lang.NoClassDefFoundError">
            <message>
              <![CDATA[org/openqa/selenium/interactions/Coordinates]]>
            </message>
            <full-stacktrace>
              <![CDATA[java.lang.NoClassDefFoundError: org/openqa/selenium/interactions/Coordinates
	at org.openqa.selenium.htmlunit.HtmlUnitDriver.toWebElement(HtmlUnitDriver.java:1212)
	at org.openqa.selenium.htmlunit.HtmlUnitDriver.findElementByXPath(HtmlUnitDriver.java:1412)
	at org.openqa.selenium.By$ByXPath.findElement(By.java:353)
	at org.openqa.selenium.htmlunit.HtmlUnitDriver$4.call(HtmlUnitDriver.java:2030)
	at org.openqa.selenium.htmlunit.HtmlUnitDriver$4.call(HtmlUnitDriver.java:2026)
	at org.openqa.selenium.htmlunit.HtmlUnitDriver.implicitlyWaitFor(HtmlUnitDriver.java:1661)
	at org.openqa.selenium.htmlunit.HtmlUnitDriver.findElement(HtmlUnitDriver.java:2026)
	at org.openqa.selenium.htmlunit.HtmlUnitDriver.findElement(HtmlUnitDriver.java:799)
	at selenium.headlessBrowser.f(headlessBrowser.java:25)
	at sun.reflect.NativeMethodAccessorImpl.invoke0(Native Method)
	at sun.reflect.NativeMethodAccessorImpl.invoke(NativeMethodAccessorImpl.java:62)
	at sun.reflect.DelegatingMethodAccessorImpl.invoke(DelegatingMethodAccessorImpl.java:43)
	at java.lang.reflect.Method.invoke(Method.java:498)
	at org.testng.internal.MethodInvocationHelper.invokeMethod(MethodInvocationHelper.java:100)
	at org.testng.internal.Invoker.invokeMethod(Invoker.java:646)
	at org.testng.internal.Invoker.invokeTestMethod(Invoker.java:811)
	at org.testng.internal.Invoker.invokeTestMethods(Invoker.java:1137)
	at org.testng.internal.TestMethodWorker.invokeTestMethods(TestMethodWorker.java:129)
	at org.testng.internal.TestMethodWorker.run(TestMethodWorker.java:112)
	at org.testng.TestRunner.privateRun(TestRunner.java:749)
	at org.testng.TestRunner.run(TestRunner.java:603)
	at org.testng.SuiteRunner.runTest(SuiteRunner.java:368)
	at org.testng.SuiteRunner.runSequentially(SuiteRunner.java:363)
	at org.testng.SuiteRunner.privateRun(SuiteRunner.java:321)
	at org.testng.SuiteRunner.run(SuiteRunner.java:270)
	at org.testng.SuiteRunnerWorker.runSuite(SuiteRunnerWorker.java:52)
	at org.testng.SuiteRunnerWorker.run(SuiteRunnerWorker.java:86)
	at org.testng.TestNG.runSuitesSequentially(TestNG.java:1284)
	at org.testng.TestNG.runSuitesLocally(TestNG.java:1209)
	at org.testng.TestNG.runSuites(TestNG.java:1124)
	at org.testng.TestNG.run(TestNG.java:1096)
	at org.testng.remote.AbstractRemoteTestNG.run(AbstractRemoteTestNG.java:114)
	at org.testng.remote.RemoteTestNG.initAndRun(RemoteTestNG.java:251)
	at org.testng.remote.RemoteTestNG.main(RemoteTestNG.java:77)
Caused by: java.lang.ClassNotFoundException: org.openqa.selenium.interactions.Coordinates
	at java.net.URLClassLoader.findClass(URLClassLoader.java:381)
	at java.lang.ClassLoader.loadClass(ClassLoader.java:424)
	at sun.misc.Launcher$AppClassLoader.loadClass(Launcher.java:335)
	at java.lang.ClassLoader.loadClass(ClassLoader.java:357)
	... 34 more
]]>
            </full-stacktrace>
          </exception> <!-- java.lang.NoClassDefFoundError -->
          <reporter-output>
          </reporter-output>
        </test-method> <!-- f -->
      </class> <!-- selenium.headlessBrowser -->
    </test> <!-- Default test -->
  </suite> <!-- Default suite -->
</testng-results>
